TN:
SF:src/main/ipc/app.ts
FN:7,registerAppHandlers
FNF:1
FNH:1
FNDA:5,registerAppHandlers
DA:1,1
DA:2,1
DA:3,1
DA:5,1
DA:7,1
DA:8,5
DA:9,2
DA:10,5
DA:12,5
DA:13,5
DA:14,5
DA:15,2
DA:16,2
DA:17,2
DA:18,5
DA:20,5
DA:21,5
DA:22,5
DA:23,1
DA:24,1
DA:25,1
DA:26,1
DA:27,1
DA:28,1
DA:29,1
DA:30,5
DA:31,5
LF:27
LH:27
BRDA:7,0,0,5
BRDA:8,1,0,2
BRDA:14,2,0,2
BRDA:22,3,0,1
BRF:4
BRH:4
end_of_record
TN:
SF:src/main/ipc/claude.ts
FN:15,notifySessionEnd
FN:32,startClaudeProcess
FN:100,registerClaudeHandlers
FN:161,cleanupClaudeSessions
FNF:4
FNH:4
FNDA:5,notifySessionEnd
FNDA:10,startClaudeProcess
FNDA:12,registerClaudeHandlers
FNDA:1,cleanupClaudeSessions
DA:1,1
DA:2,1
DA:3,1
DA:4,1
DA:5,1
DA:13,1
DA:15,5
DA:16,5
DA:17,5
DA:18,5
DA:19,5
DA:20,5
DA:21,5
DA:23,5
DA:24,5
DA:25,5
DA:26,5
DA:27,5
DA:28,5
DA:29,5
DA:30,5
DA:32,10
DA:33,10
DA:34,10
DA:35,1
DA:36,1
DA:38,10
DA:39,10
DA:40,10
DA:41,10
DA:42,10
DA:44,10
DA:45,10
DA:48,10
DA:49,1
DA:50,1
DA:51,1
DA:52,1
DA:53,1
DA:54,1
DA:55,1
DA:56,10
DA:58,10
DA:59,1
DA:60,1
DA:61,1
DA:62,1
DA:63,1
DA:64,1
DA:65,1
DA:66,10
DA:68,10
DA:69,5
DA:70,5
DA:71,5
DA:72,5
DA:74,5
DA:76,5
DA:77,4
DA:78,4
DA:81,5
DA:82,0
DA:83,0
DA:84,0
DA:85,0
DA:86,0
DA:88,0
DA:89,0
DA:91,0
DA:92,0
DA:93,0
DA:94,0
DA:95,0
DA:96,0
DA:97,10
DA:98,10
DA:100,1
DA:101,12
DA:102,12
DA:103,12
DA:104,10
DA:105,10
DA:113,10
DA:114,10
DA:115,10
DA:116,10
DA:117,10
DA:118,10
DA:119,10
DA:120,10
DA:121,10
DA:122,10
DA:123,10
DA:124,10
DA:126,10
DA:127,10
DA:128,10
DA:129,10
DA:130,10
DA:132,10
DA:133,10
DA:135,10
DA:136,10
DA:137,12
DA:139,12
DA:140,3
DA:141,3
DA:142,2
DA:143,2
DA:144,2
DA:145,2
DA:146,2
DA:147,2
DA:148,2
DA:149,2
DA:150,12
DA:152,12
DA:153,4
DA:154,4
DA:155,1
DA:156,1
DA:157,4
DA:158,12
DA:159,12
DA:161,1
DA:162,1
DA:163,1
DA:164,1
DA:165,1
DA:166,1
DA:167,1
DA:168,1
DA:169,1
LF:133
LH:120
BRDA:15,0,0,5
BRDA:17,1,0,1
BRDA:17,2,0,4
BRDA:32,3,0,10
BRDA:34,4,0,1
BRDA:48,5,0,1
BRDA:58,6,0,1
BRDA:68,7,0,5
BRDA:69,8,0,1
BRDA:69,9,0,4
BRDA:76,10,0,4
BRDA:81,11,0,0
BRDA:100,12,0,12
BRDA:103,13,0,10
BRDA:121,14,0,8
BRDA:123,15,0,9
BRDA:139,16,0,3
BRDA:141,17,0,2
BRDA:152,18,0,4
BRDA:154,19,0,1
BRDA:161,20,0,1
BRF:21
BRH:20
end_of_record
TN:
SF:src/main/ipc/kanban.ts
FN:8,registerKanbanHandlers
FNF:1
FNH:1
FNDA:9,registerKanbanHandlers
DA:2,1
DA:3,1
DA:4,1
DA:6,1
DA:8,1
DA:9,9
DA:10,9
DA:11,9
DA:12,5
DA:13,5
DA:14,9
DA:16,9
DA:17,9
DA:18,9
DA:19,7
DA:20,7
DA:27,7
DA:28,7
DA:29,7
DA:30,7
DA:31,7
DA:32,7
DA:33,7
DA:34,7
DA:35,7
DA:36,7
DA:37,7
DA:38,7
DA:39,7
DA:40,7
DA:41,9
DA:43,9
DA:44,9
DA:45,9
DA:46,2
DA:47,2
DA:48,2
DA:50,1
DA:51,1
DA:52,1
DA:53,1
DA:54,1
DA:55,1
DA:56,1
DA:57,2
DA:58,9
DA:60,9
DA:61,1
DA:62,9
DA:63,9
LF:50
LH:50
BRDA:8,0,0,9
BRDA:11,1,0,5
BRDA:18,2,0,7
BRDA:33,3,0,6
BRDA:45,4,0,2
BRDA:48,5,0,1
BRDA:47,6,0,1
BRDA:60,7,0,1
BRF:8
BRH:8
end_of_record
TN:
SF:src/main/ipc/project.ts
FN:10,registerProjectHandlers
FNF:1
FNH:1
FNDA:10,registerProjectHandlers
DA:1,1
DA:2,1
DA:3,1
DA:4,1
DA:5,1
DA:6,1
DA:8,1
DA:10,1
DA:11,10
DA:12,2
DA:13,2
DA:14,2
DA:15,2
DA:16,2
DA:17,1
DA:18,10
DA:20,10
DA:21,10
DA:22,10
DA:23,3
DA:24,3
DA:25,3
DA:26,3
DA:27,3
DA:28,3
DA:29,3
DA:30,3
DA:31,3
DA:32,3
DA:33,3
DA:34,3
DA:35,10
DA:37,10
DA:38,1
DA:39,10
DA:41,10
DA:42,4
DA:43,4
DA:44,4
DA:45,4
DA:47,4
DA:48,3
DA:49,3
DA:50,2
DA:51,2
DA:52,3
DA:53,3
DA:54,2
DA:55,2
DA:56,3
DA:58,4
DA:59,10
DA:60,10
LF:53
LH:53
BRDA:10,0,0,10
BRDA:11,1,0,2
BRDA:16,2,0,1
BRDA:16,3,0,1
BRDA:22,4,0,3
BRDA:37,5,0,1
BRDA:41,6,0,4
BRDA:47,7,0,3
BRDA:49,8,0,2
BRDA:53,9,0,2
BRF:10
BRH:10
end_of_record
TN:
SF:src/main/ipc/terminal.ts
FN:15,registerTerminalHandlers
FN:84,cleanupTerminals
FNF:2
FNH:2
FNDA:11,registerTerminalHandlers
FNDA:1,cleanupTerminals
DA:1,1
DA:2,1
DA:3,1
DA:4,1
DA:5,1
DA:13,1
DA:15,1
DA:16,11
DA:17,11
DA:18,11
DA:19,10
DA:20,10
DA:21,10
DA:23,10
DA:24,10
DA:25,10
DA:26,10
DA:27,10
DA:28,10
DA:29,10
DA:30,10
DA:31,10
DA:32,10
DA:33,10
DA:35,10
DA:36,10
DA:39,10
DA:40,1
DA:41,1
DA:42,1
DA:43,1
DA:44,10
DA:46,10
DA:47,4
DA:48,4
DA:49,4
DA:50,4
DA:51,4
DA:52,10
DA:54,10
DA:55,10
DA:56,11
DA:58,11
DA:59,2
DA:60,2
DA:61,1
DA:62,1
DA:63,11
DA:65,11
DA:66,11
DA:67,11
DA:68,2
DA:69,2
DA:70,1
DA:71,1
DA:72,2
DA:73,11
DA:75,11
DA:76,2
DA:77,2
DA:78,1
DA:79,1
DA:80,1
DA:81,11
DA:82,11
DA:84,1
DA:85,1
DA:86,2
DA:87,2
DA:88,2
DA:89,1
LF:71
LH:71
BRDA:15,0,0,11
BRDA:18,1,0,10
BRDA:20,2,0,0
BRDA:21,3,0,9
BRDA:39,4,0,1
BRDA:46,5,0,4
BRDA:58,6,0,2
BRDA:60,7,0,1
BRDA:67,8,0,2
BRDA:69,9,0,1
BRDA:75,10,0,2
BRDA:77,11,0,1
BRDA:84,12,0,1
BRDA:85,13,0,2
BRF:14
BRH:13
end_of_record
TN:
SF:src/main/ipc/updates.ts
FN:39,getVersion
FN:49,getLatestNpmVersion
FN:58,getLatestBrewVersion
FN:70,checkToolUpdates
FN:100,registerUpdateHandlers
FN:113,sendStatus
FNF:6
FNH:6
FNDA:12,getVersion
FNDA:2,getLatestNpmVersion
FNDA:2,getLatestBrewVersion
FNDA:3,checkToolUpdates
FNDA:10,registerUpdateHandlers
FNDA:17,sendStatus
DA:1,1
DA:2,1
DA:3,1
DA:4,1
DA:6,1
DA:16,1
DA:17,1
DA:18,1
DA:19,1
DA:20,1
DA:21,1
DA:22,1
DA:23,1
DA:24,1
DA:25,1
DA:26,1
DA:27,1
DA:28,1
DA:29,1
DA:30,1
DA:31,1
DA:32,1
DA:33,1
DA:34,1
DA:35,1
DA:36,1
DA:37,1
DA:39,12
DA:40,12
DA:41,12
DA:42,5
DA:43,5
DA:44,12
DA:45,7
DA:46,7
DA:47,12
DA:49,2
DA:50,2
DA:51,2
DA:52,2
DA:53,2
DA:54,0
DA:55,0
DA:56,2
DA:58,2
DA:59,2
DA:60,2
DA:61,2
DA:62,2
DA:63,1
DA:64,2
DA:65,2
DA:66,1
DA:67,1
DA:68,2
DA:70,3
DA:71,3
DA:73,3
DA:74,12
DA:75,12
DA:77,5
DA:80,12
DA:81,2
DA:82,12
DA:83,1
DA:84,3
DA:85,1
DA:86,1
DA:88,5
DA:89,5
DA:90,5
DA:91,12
DA:92,12
DA:93,12
DA:94,12
DA:95,12
DA:97,3
DA:98,3
DA:100,1
DA:101,10
DA:102,3
DA:103,10
DA:105,10
DA:106,10
DA:107,10
DA:108,6
DA:109,6
DA:110,6
DA:111,6
DA:113,6
DA:114,17
DA:115,17
DA:116,17
DA:117,17
DA:119,6
DA:121,6
DA:122,6
DA:123,6
DA:125,6
DA:126,6
DA:127,1
DA:128,1
DA:129,1
DA:130,6
DA:131,3
DA:132,3
DA:133,3
DA:134,6
DA:135,1
DA:136,1
DA:137,1
DA:138,6
DA:139,1
DA:140,6
DA:142,5
DA:143,5
DA:144,4
DA:146,4
DA:147,6
DA:148,2
DA:149,2
DA:150,2
DA:151,2
DA:152,6
DA:153,10
DA:154,10
LF:126
LH:124
BRDA:39,0,0,12
BRDA:41,1,0,5
BRDA:44,2,0,7
BRDA:49,3,0,2
BRDA:53,4,0,0
BRDA:58,5,0,2
BRDA:62,6,0,1
BRDA:64,7,0,0
BRDA:65,8,0,1
BRDA:70,9,0,3
BRDA:73,10,0,12
BRDA:75,11,0,7
BRDA:75,12,0,5
BRDA:80,13,0,2
BRDA:82,14,0,3
BRDA:82,15,0,1
BRDA:84,16,0,2
BRDA:84,17,0,1
BRDA:86,18,0,5
BRDA:91,19,0,2
BRDA:92,20,0,3
BRDA:100,21,0,10
BRDA:101,22,0,3
BRDA:107,23,0,6
BRDA:126,24,0,1
BRDA:130,25,0,3
BRDA:134,26,0,1
BRDA:138,27,0,1
BRDA:140,28,0,5
BRDA:143,29,0,4
BRDA:147,30,0,2
BRDA:148,31,0,0
BRDA:113,32,0,17
BRF:33
BRH:30
end_of_record
TN:
SF:src/main/ipc/workspace.ts
FN:8,registerWorkspaceHandlers
FNF:1
FNH:1
FNDA:9,registerWorkspaceHandlers
DA:2,1
DA:3,1
DA:4,1
DA:6,1
DA:8,1
DA:9,9
DA:10,3
DA:11,9
DA:13,9
DA:14,9
DA:15,9
DA:16,7
DA:17,7
DA:18,7
DA:19,7
DA:20,7
DA:21,7
DA:22,7
DA:23,7
DA:24,7
DA:25,7
DA:26,7
DA:27,9
DA:29,9
DA:30,9
DA:31,9
DA:32,2
DA:33,2
DA:34,1
DA:35,1
DA:36,1
DA:37,2
DA:38,9
DA:40,9
DA:41,1
DA:42,9
DA:43,9
LF:37
LH:37
BRDA:8,0,0,9
BRDA:9,1,0,3
BRDA:15,2,0,7
BRDA:19,3,0,6
BRDA:31,4,0,2
BRDA:33,5,0,1
BRDA:40,6,0,1
BRF:7
BRH:7
end_of_record
TN:
SF:src/main/services/storage.ts
FN:18,<instance_members_initializer>
FN:21,StorageService
FN:29,load
FN:43,save
FN:48,getWorkspaces
FN:52,getWorkspace
FN:56,addWorkspace
FN:61,updateWorkspace
FN:69,deleteWorkspace
FN:76,getProjects
FN:83,addProject
FN:88,deleteProject
FN:94,getSettings
FN:98,updateSettings
FN:104,getKanbanTasks
FN:111,addKanbanTask
FN:116,updateKanbanTask
FN:124,deleteKanbanTask
FN:130,getTemplates
FN:134,addTemplate
FN:139,deleteTemplate
FNF:21
FNH:21
FNDA:58,<instance_members_initializer>
FNDA:58,StorageService
FNDA:58,load
FNDA:52,save
FNDA:10,getWorkspaces
FNDA:6,getWorkspace
FNDA:12,addWorkspace
FNDA:3,updateWorkspace
FNDA:2,deleteWorkspace
FNDA:9,getProjects
FNDA:9,addProject
FNDA:3,deleteProject
FNDA:8,getSettings
FNDA:4,updateSettings
FNDA:15,getKanbanTasks
FNDA:13,addKanbanTask
FNDA:3,updateKanbanTask
FNDA:2,deleteKanbanTask
FNDA:3,getTemplates
FNDA:2,addTemplate
FNDA:1,deleteTemplate
DA:1,1
DA:2,1
DA:3,1
DA:5,1
DA:7,1
DA:17,1
DA:18,1
DA:19,58
DA:21,1
DA:22,58
DA:23,24
DA:24,24
DA:25,58
DA:26,58
DA:27,58
DA:29,1
DA:30,58
DA:31,1
DA:32,1
DA:33,1
DA:34,57
DA:35,57
DA:36,57
DA:37,57
DA:38,57
DA:39,57
DA:40,57
DA:41,58
DA:43,1
DA:44,52
DA:45,52
DA:48,1
DA:49,10
DA:50,10
DA:52,1
DA:53,6
DA:54,6
DA:56,1
DA:57,12
DA:58,12
DA:59,12
DA:61,1
DA:62,3
DA:63,3
DA:64,2
DA:65,2
DA:66,2
DA:67,3
DA:69,1
DA:70,2
DA:71,2
DA:72,2
DA:73,2
DA:76,1
DA:77,9
DA:78,2
DA:79,2
DA:80,7
DA:81,9
DA:83,1
DA:84,9
DA:85,9
DA:86,9
DA:88,1
DA:89,3
DA:90,3
DA:91,3
DA:94,1
DA:95,8
DA:96,8
DA:98,1
DA:99,4
DA:100,4
DA:101,4
DA:104,1
DA:105,15
DA:106,4
DA:107,4
DA:108,11
DA:109,15
DA:111,1
DA:112,13
DA:113,13
DA:114,13
DA:116,1
DA:117,3
DA:118,3
DA:119,2
DA:120,2
DA:121,2
DA:122,3
DA:124,1
DA:125,2
DA:126,2
DA:127,2
DA:130,1
DA:131,3
DA:132,3
DA:134,1
DA:135,2
DA:136,2
DA:137,2
DA:139,1
DA:140,1
DA:141,1
DA:142,1
DA:143,1
LF:107
LH:107
BRDA:18,0,0,58
BRDA:21,1,0,58
BRDA:22,2,0,24
BRDA:29,3,0,58
BRDA:30,4,0,1
BRDA:33,5,0,57
BRDA:43,6,0,52
BRDA:48,7,0,10
BRDA:52,8,0,6
BRDA:53,9,0,4
BRDA:56,10,0,12
BRDA:61,11,0,3
BRDA:63,12,0,2
BRDA:62,13,0,3
BRDA:69,14,0,2
BRDA:70,15,0,2
BRDA:71,16,0,1
BRDA:76,17,0,9
BRDA:77,18,0,2
BRDA:79,19,0,7
BRDA:78,20,0,4
BRDA:83,21,0,9
BRDA:88,22,0,3
BRDA:89,23,0,3
BRDA:94,24,0,8
BRDA:98,25,0,4
BRDA:104,26,0,15
BRDA:105,27,0,4
BRDA:107,28,0,11
BRDA:106,29,0,8
BRDA:111,30,0,13
BRDA:116,31,0,3
BRDA:118,32,0,2
BRDA:117,33,0,3
BRDA:124,34,0,2
BRDA:125,35,0,2
BRDA:130,36,0,3
BRDA:134,37,0,2
BRDA:139,38,0,1
BRDA:140,39,0,1
BRF:40
BRH:40
end_of_record
TN:
SF:src/shared/constants/defaults.ts
FNF:0
FNH:0
DA:3,1
DA:4,1
DA:5,1
DA:6,1
DA:7,1
DA:8,1
DA:9,1
DA:10,1
DA:11,1
DA:12,1
DA:13,1
DA:15,1
DA:16,1
DA:17,1
DA:18,1
LF:15
LH:15
BRDA:5,0,0,0
BRF:1
BRH:0
end_of_record
